\BOOKMARK [0][-]{cover.0}{NJU Cover}{}% 1
\BOOKMARK [0][-]{abstract.0}{摘　要}{}% 2
\BOOKMARK [0][-]{englishabstract.0}{Abstract}{}% 3
\BOOKMARK [0][-]{chapter*.1}{Contents}{}% 4
\BOOKMARK [0][-]{chapter.1}{第一章 \040绪论}{}% 5
\BOOKMARK [1][-]{section.1.1}{1.1 引言}{chapter.1}% 6
\BOOKMARK [1][-]{section.1.2}{1.2 Ad Hoc 网络}{chapter.1}% 7
\BOOKMARK [1][-]{section.1.3}{1.3 移动视频缓存技术}{chapter.1}% 8
\BOOKMARK [1][-]{section.1.4}{1.4 推荐技术}{chapter.1}% 9
\BOOKMARK [1][-]{section.1.5}{1.5 本文组织结构}{chapter.1}% 10
\BOOKMARK [0][-]{chapter.2}{第二章 \040相关工作}{}% 11
\BOOKMARK [1][-]{section.2.1}{2.1 无线视频传输相关工作}{chapter.2}% 12
\BOOKMARK [1][-]{section.2.2}{2.2 个性化推荐系统}{chapter.2}% 13
\BOOKMARK [1][-]{section.2.3}{2.3 个性化推荐技术}{chapter.2}% 14
\BOOKMARK [2][-]{subsection.2.3.1}{2.3.1 奇异值分解\(SVD\)}{section.2.3}% 15
\BOOKMARK [2][-]{subsection.2.3.2}{2.3.2 贝叶斯聚类}{section.2.3}% 16
\BOOKMARK [1][-]{section.2.4}{2.4 传播学习}{chapter.2}% 17
\BOOKMARK [0][-]{chapter.3}{第三章 \040基于多信号融合的分解推荐模型}{}% 18
\BOOKMARK [1][-]{section.3.1}{3.1 推荐系统简介}{chapter.3}% 19
\BOOKMARK [1][-]{section.3.2}{3.2 相关工作}{chapter.3}% 20
\BOOKMARK [1][-]{section.3.3}{3.3 排序问题}{chapter.3}% 21
\BOOKMARK [2][-]{subsection.3.3.1}{3.3.1 形式化定义}{section.3.3}% 22
\BOOKMARK [2][-]{subsection.3.3.2}{3.3.2 隐含因子模型}{section.3.3}% 23
\BOOKMARK [2][-]{subsection.3.3.3}{3.3.3 基于偏序对的学习}{section.3.3}% 24
\BOOKMARK [1][-]{section.3.4}{3.4 聚类的引入}{chapter.3}% 25
\BOOKMARK [2][-]{subsection.3.4.1}{3.4.1 聚类模型}{section.3.4}% 26
\BOOKMARK [2][-]{subsection.3.4.2}{3.4.2 聚类信号的截取}{section.3.4}% 27
\BOOKMARK [2][-]{subsection.3.4.3}{3.4.3 聚类信号的优化}{section.3.4}% 28
\BOOKMARK [1][-]{section.3.5}{3.5 整合模型}{chapter.3}% 29
\BOOKMARK [2][-]{subsection.3.5.1}{3.5.1 动机与直觉}{section.3.5}% 30
\BOOKMARK [2][-]{subsection.3.5.2}{3.5.2 信号的整合}{section.3.5}% 31
\BOOKMARK [2][-]{subsection.3.5.3}{3.5.3 模型描述 }{section.3.5}% 32
\BOOKMARK [2][-]{subsection.3.5.4}{3.5.4 参数学习}{section.3.5}% 33
\BOOKMARK [1][-]{section.3.6}{3.6 实验}{chapter.3}% 34
\BOOKMARK [2][-]{subsection.3.6.1}{3.6.1 实验设计}{section.3.6}% 35
\BOOKMARK [2][-]{subsection.3.6.2}{3.6.2 参数设定}{section.3.6}% 36
\BOOKMARK [2][-]{subsection.3.6.3}{3.6.3 结果分析}{section.3.6}% 37
\BOOKMARK [1][-]{section.3.7}{3.7 本章小结}{chapter.3}% 38
\BOOKMARK [0][-]{chapter.4}{第四章 \040基于聚类推荐的Ad Hoc网络缓存机制}{}% 39
\BOOKMARK [1][-]{section.4.1}{4.1 背景介绍}{chapter.4}% 40
\BOOKMARK [1][-]{section.4.2}{4.2 Ad Hoc 网中的视频传输}{chapter.4}% 41
\BOOKMARK [1][-]{section.4.3}{4.3 推荐算法}{chapter.4}% 42
\BOOKMARK [2][-]{subsection.4.3.1}{4.3.1 推荐模型}{section.4.3}% 43
\BOOKMARK [1][-]{section.4.4}{4.4 系统设计}{chapter.4}% 44
\BOOKMARK [1][-]{section.4.5}{4.5 模拟实验}{chapter.4}% 45
\BOOKMARK [2][-]{subsection.4.5.1}{4.5.1 实验场景设定}{section.4.5}% 46
\BOOKMARK [2][-]{subsection.4.5.2}{4.5.2 实验数据}{section.4.5}% 47
\BOOKMARK [2][-]{subsection.4.5.3}{4.5.3 评价标准}{section.4.5}% 48
\BOOKMARK [2][-]{subsection.4.5.4}{4.5.4 结果：改变缓存大小}{section.4.5}% 49
\BOOKMARK [2][-]{subsection.4.5.5}{4.5.5 结果：改变用户数量大小}{section.4.5}% 50
\BOOKMARK [2][-]{subsection.4.5.6}{4.5.6 结果：不同方法比较}{section.4.5}% 51
\BOOKMARK [1][-]{section.4.6}{4.6 本章小结}{chapter.4}% 52
\BOOKMARK [0][-]{chapter.5}{第五章 \040总结与展望}{}% 53
\BOOKMARK [0][-]{chapter*.26}{简历与科研成果}{}% 54
\BOOKMARK [0][-]{chapter*.27}{致 \040谢}{}% 55
